-------------------------------------------------------------------------------
Test set: com.lab1.AppTest
-------------------------------------------------------------------------------
Tests run: 1, Failures: 0, Errors: 1, Skipped: 0, Time elapsed: 6.058 s <<< FAILURE! - in com.lab1.AppTest
shouldReturnInvoice(com.lab1.AppTest)  Time elapsed: 6.021 s  <<< ERROR!
java.lang.NullPointerException: Cannot invoke "java.util.ArrayList.iterator()" because "invoice.items" is null
	at com.lab1.AppTest.shouldReturnInvoice(AppTest.java:17)

